<?xml version="1.0" encoding="UTF-8"?>
<!-- Generated by org.testng.reporters.JUnitReportReporter -->
<testsuite hostname="Shantanu-Nayak" name="com.vaticahealth.vatica.tests.SmokeTest" tests="1" failures="0" timestamp="27 Dec 2016 13:07:57 GMT" time="32.847" errors="0">
  <testcase name="smokeTest" time="32.847" classname="com.vaticahealth.vatica.tests.SmokeTest"/>
</testsuite> <!-- com.vaticahealth.vatica.tests.SmokeTest -->
