<?xml version="1.0" encoding="UTF-8"?>
<!-- Generated by org.testng.reporters.JUnitReportReporter -->
<testsuite hostname="Lakshya-Grover" name="com.vaticahealth.vatica.test" tests="1" failures="0" timestamp="28 Jul 2016 05:33:26 GMT" time="12.426" errors="0">
  <testcase name="pro" time="12.426" classname="com.vaticahealth.vatica.test"/>
</testsuite> <!-- com.vaticahealth.vatica.test -->
