<?xml version="1.0" encoding="UTF-8"?>
<!-- Generated by org.testng.reporters.JUnitReportReporter -->
<testsuite skipped="0" hostname="nitunp-L" name="com.vaticahealth.vatica.testsuits.LoginSuite" tests="4" failures="0" timestamp="11 Jan 2017 16:22:06 GMT" time="58.340" errors="0">
  <testcase name="tc_Login_2" time="0.967" classname="com.vaticahealth.vatica.testsuits.LoginSuite"/>
  <testcase name="tc_Login_3" time="1.210" classname="com.vaticahealth.vatica.testsuits.LoginSuite"/>
  <testcase name="tc_LoginWithCorrectCreddentials" time="35.063" classname="com.vaticahealth.vatica.testsuits.LoginSuite"/>
  <testcase name="tc_Login_4" time="21.100" classname="com.vaticahealth.vatica.testsuits.LoginSuite"/>
</testsuite> <!-- com.vaticahealth.vatica.testsuits.LoginSuite -->
