<?xml version="1.0" encoding="UTF-8"?>
<!-- Generated by org.testng.reporters.JUnitReportReporter -->
<testsuite skipped="0" hostname="nitunp-L" name="com.vaticahealth.vatica.testsuits.SmokeTest" tests="7" failures="0" timestamp="9 Jan 2017 11:12:17 GMT" time="652.311" errors="0">
  <testcase name="smokeTest_home_tcs" time="174.825" classname="com.vaticahealth.vatica.testsuits.SmokeTest"/>
  <testcase name="smokeTest_ttab_completion" time="27.446" classname="com.vaticahealth.vatica.testsuits.SmokeTest"/>
  <testcase name="smokeTest_hra_creation" time="50.306" classname="com.vaticahealth.vatica.testsuits.SmokeTest"/>
  <testcase name="smokeTest_dtab_completion" time="167.566" classname="com.vaticahealth.vatica.testsuits.SmokeTest"/>
  <testcase name="smokeTest_login" time="61.536" classname="com.vaticahealth.vatica.testsuits.SmokeTest"/>
  <testcase name="smokeTest_hra_completion" time="160.899" classname="com.vaticahealth.vatica.testsuits.SmokeTest"/>
  <testcase name="QuitDriver" time="9.733" classname="com.vaticahealth.vatica.testsuits.SmokeTest"/>
</testsuite> <!-- com.vaticahealth.vatica.testsuits.SmokeTest -->
