<?xml version="1.0" encoding="UTF-8"?>
<!-- Generated by org.testng.reporters.JUnitReportReporter -->
<testsuite hostname="Lakshya-Grover" name="com.vaticahealth.vatica.test" tests="1" failures="0" timestamp="2 Aug 2016 06:59:34 GMT" time="11.931" errors="0">
  <testcase name="pro" time="11.931" classname="com.vaticahealth.vatica.test"/>
</testsuite> <!-- com.vaticahealth.vatica.test -->
