<?xml version="1.0" encoding="UTF-8"?>
<!-- Generated by org.testng.reporters.JUnitReportReporter -->
<testsuite skipped="0" hostname="nitunp-L" name="smoke.SmokeTest2" tests="2" failures="0" timestamp="7 Jan 2017 07:10:35 GMT" time="44.273" errors="0">
  <testcase name="test2" time="0.050" classname="smoke.SmokeTest2"/>
  <testcase name="test1" time="44.223" classname="smoke.SmokeTest2"/>
</testsuite> <!-- smoke.SmokeTest2 -->
