<?xml version="1.0" encoding="UTF-8"?>
<!-- Generated by org.testng.reporters.JUnitReportReporter -->
<testsuite hostname="Lakshya-Grover" name="com.vaticahealth.vatica.pages.App" tests="1" failures="0" timestamp="2 Aug 2016 06:07:14 GMT" time="10.348" errors="0">
  <testcase name="pro" time="10.348" classname="com.vaticahealth.vatica.pages.App"/>
</testsuite> <!-- com.vaticahealth.vatica.pages.App -->
