<?xml version="1.0" encoding="UTF-8"?>
<!-- Generated by org.testng.reporters.JUnitReportReporter -->
<testsuite skipped="0" hostname="nitunp-L" name="com.vaticahealth.vatica.tests.SmokeTest" tests="6" failures="0" timestamp="1 Dec 2016 07:48:08 GMT" time="471.805" errors="0">
  <testcase name="smokeTest_ttab_completion" time="26.740" classname="com.vaticahealth.vatica.tests.SmokeTest"/>
  <testcase name="smokeTest_dtab_completion" time="160.454" classname="com.vaticahealth.vatica.tests.SmokeTest"/>
  <testcase name="smokeTest_hra_completion" time="147.159" classname="com.vaticahealth.vatica.tests.SmokeTest"/>
  <testcase name="smokeTest_home_tcs" time="46.482" classname="com.vaticahealth.vatica.tests.SmokeTest"/>
  <testcase name="smokeTest_hra_creation" time="48.739" classname="com.vaticahealth.vatica.tests.SmokeTest"/>
  <testcase name="smokeTest_login" time="42.231" classname="com.vaticahealth.vatica.tests.SmokeTest"/>
</testsuite> <!-- com.vaticahealth.vatica.tests.SmokeTest -->
