<?xml version="1.0" encoding="UTF-8"?>
<!-- Generated by org.testng.reporters.JUnitReportReporter -->
<testsuite skipped="0" hostname="nitunp-L" name="com.vaticahealth.vatica.tests.SmokeTest" tests="6" failures="0" timestamp="3 Jan 2017 06:51:04 GMT" time="594.692" errors="0">
  <testcase name="smokeTest_dtab_completion" time="166.866" classname="com.vaticahealth.vatica.tests.SmokeTest"/>
  <testcase name="smokeTest_hra_completion" time="164.285" classname="com.vaticahealth.vatica.tests.SmokeTest"/>
  <testcase name="smokeTest_hra_creation" time="50.102" classname="com.vaticahealth.vatica.tests.SmokeTest"/>
  <testcase name="smokeTest_home_tcs" time="120.905" classname="com.vaticahealth.vatica.tests.SmokeTest"/>
  <testcase name="smokeTest_ttab_completion" time="27.836" classname="com.vaticahealth.vatica.tests.SmokeTest"/>
  <testcase name="smokeTest_login" time="64.698" classname="com.vaticahealth.vatica.tests.SmokeTest"/>
</testsuite> <!-- com.vaticahealth.vatica.tests.SmokeTest -->
