<?xml version="1.0" encoding="UTF-8"?>
<!-- Generated by org.testng.reporters.JUnitReportReporter -->
<testsuite hostname="Lakshya-Grover" name="com.vaticahealth.vatica.pages.App" tests="1" failures="0" timestamp="1 Aug 2016 10:28:56 GMT" time="0.663" errors="0">
  <testcase name="pro" time="0.663" classname="com.vaticahealth.vatica.pages.App"/>
</testsuite> <!-- com.vaticahealth.vatica.pages.App -->
