<?xml version="1.0" encoding="UTF-8"?>
<!-- Generated by org.testng.reporters.JUnitReportReporter -->
<testsuite skipped="0" hostname="nitunp-L" name="com.vaticahealth.vatica.testsuits.SmokeTest2" tests="1" failures="0" timestamp="9 Jan 2017 07:57:59 GMT" time="88.522" errors="0">
  <testcase name="test1" time="88.522" classname="com.vaticahealth.vatica.testsuits.SmokeTest2"/>
</testsuite> <!-- com.vaticahealth.vatica.testsuits.SmokeTest2 -->
