<?xml version="1.0" encoding="UTF-8"?>
<!-- Generated by org.testng.reporters.JUnitReportReporter -->
<testsuite skipped="0" hostname="nitunp-L" name="com.vaticahealth.vatica.tests.Try" tests="1" failures="0" timestamp="1 Dec 2016 05:43:51 GMT" time="48.232" errors="0">
  <testcase name="tryIt" time="48.232" classname="com.vaticahealth.vatica.tests.Try"/>
</testsuite> <!-- com.vaticahealth.vatica.tests.Try -->
