<?xml version="1.0" encoding="UTF-8"?>
<!-- Generated by org.testng.reporters.JUnitReportReporter -->
<testsuite skipped="0" hostname="nitunp-L" name="com.vaticahealth.vatica.utils.CommonCode" tests="1" failures="0" timestamp="29 Nov 2016 17:35:46 GMT" time="0.051" errors="0">
  <testcase name="Recentdate" time="0.051" classname="com.vaticahealth.vatica.utils.CommonCode"/>
</testsuite> <!-- com.vaticahealth.vatica.utils.CommonCode -->
