<?xml version="1.0" encoding="UTF-8"?>
<!-- Generated by org.testng.reporters.JUnitReportReporter -->
<testsuite hostname="DHARMENDRAS-PC" name="com.vaticahealth.vatica.testsuits.SmokeTest" tests="2" failures="0" timestamp="9 Jan 2017 07:53:59 GMT" time="70.583" errors="0">
  <testcase name="smokeTest_login" time="63.562" classname="com.vaticahealth.vatica.testsuits.SmokeTest"/>
  <testcase name="QuitDriver" time="7.021" classname="com.vaticahealth.vatica.testsuits.SmokeTest"/>
</testsuite> <!-- com.vaticahealth.vatica.testsuits.SmokeTest -->
