<?xml version="1.0" encoding="UTF-8"?>
<!-- Generated by org.testng.reporters.JUnitReportReporter -->
<testsuite hostname="Lakshya-Grover" name="com.vaticahealth.vatica.TestAnnotation" tests="1" failures="0" timestamp="25 Aug 2016 12:43:21 GMT" time="1.427" errors="0">
  <testcase name="title" time="1.427" classname="com.vaticahealth.vatica.TestAnnotation"/>
</testsuite> <!-- com.vaticahealth.vatica.TestAnnotation -->
