<?xml version="1.0" encoding="UTF-8"?>
<!-- Generated by org.testng.reporters.JUnitReportReporter -->
<testsuite skipped="0" hostname="nitunp-L" name="com.vaticahealth.vatica.tests.SmokeTest" tests="6" failures="0" timestamp="6 Jan 2017 10:46:44 GMT" time="632.151" errors="0">
  <testcase name="smokeTest_hra_completion" time="157.387" classname="com.vaticahealth.vatica.tests.SmokeTest"/>
  <testcase name="smokeTest_home_tcs" time="170.883" classname="com.vaticahealth.vatica.tests.SmokeTest"/>
  <testcase name="smokeTest_hra_creation" time="48.937" classname="com.vaticahealth.vatica.tests.SmokeTest"/>
  <testcase name="smokeTest_ttab_completion" time="27.143" classname="com.vaticahealth.vatica.tests.SmokeTest"/>
  <testcase name="smokeTest_login" time="63.787" classname="com.vaticahealth.vatica.tests.SmokeTest"/>
  <testcase name="smokeTest_dtab_completion" time="164.014" classname="com.vaticahealth.vatica.tests.SmokeTest"/>
</testsuite> <!-- com.vaticahealth.vatica.tests.SmokeTest -->
