<?xml version="1.0" encoding="UTF-8"?>
<!-- Generated by org.testng.reporters.JUnitReportReporter -->
<testsuite skipped="0" hostname="nitunp-L" name="com.vaticahealth.vatica.tests.SmokeTest" tests="1" failures="0" timestamp="21 Nov 2016 18:03:22 GMT" time="57.291" errors="0">
  <testcase name="smokeTest" time="57.291" classname="com.vaticahealth.vatica.tests.SmokeTest"/>
</testsuite> <!-- com.vaticahealth.vatica.tests.SmokeTest -->
