<?xml version="1.0" encoding="UTF-8"?>
<!-- Generated by org.testng.reporters.JUnitReportReporter -->
<testsuite skipped="0" hostname="nitunp-L" name="com.vaticahealth.vatica.RegressionTest" tests="2" failures="0" timestamp="18 Nov 2016 06:47:55 GMT" time="25.378" errors="0">
  <testcase name="loginConf" time="3.263" classname="com.vaticahealth.vatica.RegressionTest"/>
  <testcase name="loginApp" time="22.115" classname="com.vaticahealth.vatica.RegressionTest"/>
</testsuite> <!-- com.vaticahealth.vatica.RegressionTest -->
