<?xml version="1.0" encoding="UTF-8"?>
<!-- Generated by org.testng.reporters.JUnitReportReporter -->
<testsuite skipped="0" hostname="nitunp-L" name="com.vaticahealth.vatica.tests.SmokeTest2" tests="1" failures="0" timestamp="2 Jan 2017 15:38:45 GMT" time="41.150" errors="0">
  <testcase name="smokeTest_login" time="41.150" classname="com.vaticahealth.vatica.tests.SmokeTest2"/>
</testsuite> <!-- com.vaticahealth.vatica.tests.SmokeTest2 -->
