<?xml version="1.0" encoding="UTF-8"?>
<!-- Generated by org.testng.reporters.JUnitReportReporter -->
<testsuite hostname="Lakshya-Grover" name="com.vaticahealth.vatica.RegressionTest" tests="1" failures="0" timestamp="4 Aug 2016 12:06:27 GMT" time="0.010" errors="0">
  <testcase name="invalidPassword" time="0.010" classname="com.vaticahealth.vatica.RegressionTest"/>
</testsuite> <!-- com.vaticahealth.vatica.RegressionTest -->
